<?xml version="1.0" encoding="UTF-8"?>
<testsuite xmlns:xsi="http://www.w3.org/2001/XMLSchema-instance" xsi:noNamespaceSchemaLocation="https://maven.apache.org/surefire/maven-surefire-plugin/xsd/surefire-test-report.xsd" version="3.0.2" name="SequenceCorpusTest" time="10.872" tests="26" errors="0" skipped="0" failures="0">
  <properties>
[...]
</properties>
  <testcase name="testCorpus01" classname="SequenceCorpusTest" time="1.316"/>
  <testcase name="testCorpus02" classname="SequenceCorpusTest" time="0.213"/>
  <testcase name="testCorpus03" classname="SequenceCorpusTest" time="0.284"/>
  <testcase name="testCorpus04" classname="SequenceCorpusTest" time="0.185"/>
  <testcase name="testCorpus05" classname="SequenceCorpusTest" time="0.239"/>
  <testcase name="testCorpus06" classname="SequenceCorpusTest" time="0.16"/>
  <testcase name="testCorpus07" classname="SequenceCorpusTest" time="0.129"/>
  <testcase name="testCorpus08" classname="SequenceCorpusTest" time="0.957"/>
  <testcase name="testCorpus09" classname="SequenceCorpusTest" time="0.714"/>
  <testcase name="testCorpus10" classname="SequenceCorpusTest" time="0.96"/>
  <testcase name="testCorpus11" classname="SequenceCorpusTest" time="0.677"/>
  <testcase name="testCorpus12" classname="SequenceCorpusTest" time="0.604"/>
  <testcase name="testCorpus13" classname="SequenceCorpusTest" time="0.297"/>
  <testcase name="testCorpus14" classname="SequenceCorpusTest" time="0.413"/>
  <testcase name="testCorpus15" classname="SequenceCorpusTest" time="0.231"/>
  <testcase name="testCorpus16" classname="SequenceCorpusTest" time="0.345"/>
  <testcase name="testCorpus17" classname="SequenceCorpusTest" time="0.32"/>
  <testcase name="testCorpus18" classname="SequenceCorpusTest" time="0.32"/>
  <testcase name="testCorpus19" classname="SequenceCorpusTest" time="0.683"/>
  <testcase name="testCorpus20" classname="SequenceCorpusTest" time="0.663"/>
  <testcase name="testCorpus21" classname="SequenceCorpusTest" time="0.764"/>
  <testcase name="testCorpus22" classname="SequenceCorpusTest" time="0.025"/>
  <testcase name="testCorpus23" classname="SequenceCorpusTest" time="0.025"/>
  <testcase name="testCorpus24" classname="SequenceCorpusTest" time="0.057"/>
  <testcase name="testCorpus25" classname="SequenceCorpusTest" time="0.026"/>
  <testcase name="testCorpus26" classname="SequenceCorpusTest" time="0.259"/>
</testsuite>